10:55:48.420 DEBUG com.cognifide.qa.bb.wait.BobcatWait:126 - value to contain "is-selected". Current value: "null" condition has not been met before timeout 
org.openqa.selenium.TimeoutException: Expected condition failed: waiting for value to contain "is-selected". Current value: "null" (tried for 10 second(s) with 500 milliseconds interval)
Build info: version: '3.141.0', revision: '2ecb7d9a', time: '2018-10-31T20:09:30'
System info: host: 'RAVIKUMAR-PC', ip: '192.168.1.4', os.name: 'Windows 10', os.arch: 'amd64', os.version: '10.0', java.version: '1.8.0_201'
Driver info: com.cognifide.qa.bb.provider.selenium.webdriver.close.ClosingAwareWebDriverWrapper
Capabilities {acceptInsecureCerts: false, browserName: chrome, browserVersion: 79.0.3945.130, chrome: {chromedriverVersion: 79.0.3945.36 (3582db32b3389..., userDataDir: C:\Users\RAVIKU~1\AppData\L...}, goog:chromeOptions: {debuggerAddress: localhost:60275}, javascriptEnabled: true, networkConnectionEnabled: false, pageLoadStrategy: normal, platform: WINDOWS, platformName: WINDOWS, proxy: Proxy(), setWindowRect: true, strictFileInteractability: false, timeouts: {implicit: 0, pageLoad: 300000, script: 30000}, unhandledPromptBehavior: dismiss and notify}
Session ID: 1af3d6b4d6339a855552ca80704e2d1c
	at org.openqa.selenium.support.ui.WebDriverWait.timeoutException(WebDriverWait.java:95)
	at org.openqa.selenium.support.ui.FluentWait.until(FluentWait.java:272)
	at com.cognifide.qa.bb.wait.BobcatWait.until(BobcatWait.java:108)
	at com.cognifide.qa.bb.wait.BobcatWait.isConditionMet(BobcatWait.java:124)
	at com.cognifide.qa.bb.aem.core.component.GlobalBarImpl.isInPreviewMode(GlobalBarImpl.java:80)
	at com.cognifide.qa.bb.aem.core.component.GlobalBarImpl$$EnhancerByGuice$$e104fe94.CGLIB$isInPreviewMode$3(<generated>)
	at com.cognifide.qa.bb.aem.core.component.GlobalBarImpl$$EnhancerByGuice$$e104fe94$$FastClassByGuice$$d54a3d66.invoke(<generated>)
	at com.google.inject.internal.cglib.proxy.$MethodProxy.invokeSuper(MethodProxy.java:228)
	at com.google.inject.internal.InterceptorStackCallback$InterceptedMethodInvocation.proceed(InterceptorStackCallback.java:76)
	at com.cognifide.qa.bb.frame.FrameAspect.switchFrameAndProceed(FrameAspect.java:70)
	at com.cognifide.qa.bb.frame.FrameAspect.invoke(FrameAspect.java:58)
	at com.google.inject.internal.InterceptorStackCallback$InterceptedMethodInvocation.proceed(InterceptorStackCallback.java:78)
	at com.google.inject.internal.InterceptorStackCallback.intercept(InterceptorStackCallback.java:54)
	at com.cognifide.qa.bb.aem.core.component.GlobalBarImpl$$EnhancerByGuice$$e104fe94.isInPreviewMode(<generated>)
	at com.cognifide.qa.bb.aem.core.component.GlobalBarImpl.switchToPreviewMode(GlobalBarImpl.java:72)
	at com.cognifide.qa.bb.aem.core.component.GlobalBarImpl$$EnhancerByGuice$$e104fe94.CGLIB$switchToPreviewMode$0(<generated>)
	at com.cognifide.qa.bb.aem.core.component.GlobalBarImpl$$EnhancerByGuice$$e104fe94$$FastClassByGuice$$d54a3d66.invoke(<generated>)
	at com.google.inject.internal.cglib.proxy.$MethodProxy.invokeSuper(MethodProxy.java:228)
	at com.google.inject.internal.InterceptorStackCallback$InterceptedMethodInvocation.proceed(InterceptorStackCallback.java:76)
	at com.cognifide.qa.bb.frame.FrameAspect.switchFrameAndProceed(FrameAspect.java:70)
	at com.cognifide.qa.bb.frame.FrameAspect.invoke(FrameAspect.java:58)
	at com.google.inject.internal.InterceptorStackCallback$InterceptedMethodInvocation.proceed(InterceptorStackCallback.java:78)
	at com.google.inject.internal.InterceptorStackCallback.intercept(InterceptorStackCallback.java:54)
	at com.cognifide.qa.bb.aem.core.component.GlobalBarImpl$$EnhancerByGuice$$e104fe94.switchToPreviewMode(<generated>)
	at com.cognifide.qa.bb.aem.core.pages.AemAuthorPage.getContent(AemAuthorPage.java:76)
	at com.honeywell.honeywell.pages.TestPage$$EnhancerByGuice$$96889f61.CGLIB$getContent$4(<generated>)
	at com.honeywell.honeywell.pages.TestPage$$EnhancerByGuice$$96889f61$$FastClassByGuice$$b20e3545.invoke(<generated>)
	at com.google.inject.internal.cglib.proxy.$MethodProxy.invokeSuper(MethodProxy.java:228)
	at com.google.inject.internal.InterceptorStackCallback$InterceptedMethodInvocation.proceed(InterceptorStackCallback.java:76)
	at com.cognifide.qa.bb.frame.FrameAspect.switchFrameAndProceed(FrameAspect.java:70)
	at com.cognifide.qa.bb.frame.FrameAspect.invoke(FrameAspect.java:58)
	at com.google.inject.internal.InterceptorStackCallback$InterceptedMethodInvocation.proceed(InterceptorStackCallback.java:78)
	at com.google.inject.internal.InterceptorStackCallback.intercept(InterceptorStackCallback.java:54)
	at com.honeywell.honeywell.pages.TestPage$$EnhancerByGuice$$96889f61.getContent(<generated>)
	at com.honeywell.honeywell.steps.TitleFeatureSteps.I_save_the_dialog_and_switch_to_preview(TitleFeatureSteps.java:82)
	at sun.reflect.NativeMethodAccessorImpl.invoke0(Native Method)
	at sun.reflect.NativeMethodAccessorImpl.invoke(NativeMethodAccessorImpl.java:62)
	at sun.reflect.DelegatingMethodAccessorImpl.invoke(DelegatingMethodAccessorImpl.java:43)
	at java.lang.reflect.Method.invoke(Method.java:498)
	at cucumber.runtime.Utils$1.call(Utils.java:26)
	at cucumber.runtime.Timeout.timeout(Timeout.java:16)
	at cucumber.runtime.Utils.invoke(Utils.java:20)
	at cucumber.runtime.java.JavaStepDefinition.execute(JavaStepDefinition.java:57)
	at cucumber.runner.PickleStepDefinitionMatch.runStep(PickleStepDefinitionMatch.java:50)
	at cucumber.runner.TestStep.executeStep(TestStep.java:63)
	at cucumber.runner.TestStep.run(TestStep.java:49)
	at cucumber.runner.PickleStepTestStep.run(PickleStepTestStep.java:43)
	at cucumber.runner.TestCase.run(TestCase.java:45)
	at cucumber.runner.Runner.runPickle(Runner.java:40)
	at cucumber.runtime.Runtime$1.run(Runtime.java:82)
	at cucumber.runtime.Runtime$SameThreadExecutorService.execute(Runtime.java:217)
	at cucumber.runtime.Runtime.run(Runtime.java:79)
	at cucumber.api.cli.Main.run(Main.java:26)
	at cucumber.api.cli.Main.main(Main.java:8)
10:55:48.780 DEBUG com.cognifide.qa.bb.scope.frame.type.NamedFrame:52 - Switching to ContentFrame
10:55:52.335 DEBUG com.cognifide.qa.bb.scope.frame.type.DefaultFrame:40 - Switching to default content
10:55:52.341 DEBUG com.cognifide.qa.bb.scope.frame.type.NamedFrame:52 - Switching to ContentFrame
10:55:53.459 DEBUG com.cognifide.qa.bb.scope.frame.type.DefaultFrame:40 - Switching to default content
13:34:09.368 DEBUG com.cognifide.qa.bb.wait.BobcatWait:126 - title to be "text". Current title: "" condition has not been met before timeout 
org.openqa.selenium.TimeoutException: Expected condition failed: waiting for title to be "text". Current title: "" (tried for 10 second(s) with 500 milliseconds interval)
Build info: version: '3.141.0', revision: '2ecb7d9a', time: '2018-10-31T20:09:30'
System info: host: 'RAVIKUMAR-PC', ip: '192.168.1.4', os.name: 'Windows 10', os.arch: 'amd64', os.version: '10.0', java.version: '1.8.0_201'
Driver info: com.cognifide.qa.bb.provider.selenium.webdriver.close.ClosingAwareWebDriverWrapper
Capabilities {acceptInsecureCerts: false, browserName: chrome, browserVersion: 79.0.3945.130, chrome: {chromedriverVersion: 79.0.3945.36 (3582db32b3389..., userDataDir: C:\Users\RAVIKU~1\AppData\L...}, goog:chromeOptions: {debuggerAddress: localhost:62778}, javascriptEnabled: true, networkConnectionEnabled: false, pageLoadStrategy: normal, platform: WINDOWS, platformName: WINDOWS, proxy: Proxy(), setWindowRect: true, strictFileInteractability: false, timeouts: {implicit: 0, pageLoad: 300000, script: 30000}, unhandledPromptBehavior: dismiss and notify}
Session ID: e534dd9c49d85e14f3badc60d332eab6
	at org.openqa.selenium.support.ui.WebDriverWait.timeoutException(WebDriverWait.java:95)
	at org.openqa.selenium.support.ui.FluentWait.until(FluentWait.java:272)
	at com.cognifide.qa.bb.wait.BobcatWait.until(BobcatWait.java:108)
	at com.cognifide.qa.bb.wait.BobcatWait.isConditionMet(BobcatWait.java:124)
	at com.honeywell.honeywell.pages.TestPage.isDisplayed(TestPage.java:26)
	at com.honeywell.honeywell.pages.TestPage$$EnhancerByGuice$$5d2dce7.CGLIB$isDisplayed$1(<generated>)
	at com.honeywell.honeywell.pages.TestPage$$EnhancerByGuice$$5d2dce7$$FastClassByGuice$$ba32e8d4.invoke(<generated>)
	at com.google.inject.internal.cglib.proxy.$MethodProxy.invokeSuper(MethodProxy.java:228)
	at com.google.inject.internal.InterceptorStackCallback$InterceptedMethodInvocation.proceed(InterceptorStackCallback.java:76)
	at com.cognifide.qa.bb.frame.FrameAspect.switchFrameAndProceed(FrameAspect.java:70)
	at com.cognifide.qa.bb.frame.FrameAspect.invoke(FrameAspect.java:58)
	at com.google.inject.internal.InterceptorStackCallback$InterceptedMethodInvocation.proceed(InterceptorStackCallback.java:78)
	at com.google.inject.internal.InterceptorStackCallback.intercept(InterceptorStackCallback.java:54)
	at com.honeywell.honeywell.pages.TestPage$$EnhancerByGuice$$5d2dce7.isDisplayed(<generated>)
	at com.honeywell.honeywell.steps.TextFeatureSteps.I_open_the_test_page(TextFeatureSteps.java:64)
	at sun.reflect.NativeMethodAccessorImpl.invoke0(Native Method)
	at sun.reflect.NativeMethodAccessorImpl.invoke(NativeMethodAccessorImpl.java:62)
	at sun.reflect.DelegatingMethodAccessorImpl.invoke(DelegatingMethodAccessorImpl.java:43)
	at java.lang.reflect.Method.invoke(Method.java:498)
	at cucumber.runtime.Utils$1.call(Utils.java:26)
	at cucumber.runtime.Timeout.timeout(Timeout.java:16)
	at cucumber.runtime.Utils.invoke(Utils.java:20)
	at cucumber.runtime.java.JavaStepDefinition.execute(JavaStepDefinition.java:57)
	at cucumber.runner.PickleStepDefinitionMatch.runStep(PickleStepDefinitionMatch.java:50)
	at cucumber.runner.TestStep.executeStep(TestStep.java:63)
	at cucumber.runner.TestStep.run(TestStep.java:49)
	at cucumber.runner.PickleStepTestStep.run(PickleStepTestStep.java:43)
	at cucumber.runner.TestCase.run(TestCase.java:45)
	at cucumber.runner.Runner.runPickle(Runner.java:40)
	at cucumber.runtime.Runtime$1.run(Runtime.java:82)
	at cucumber.runtime.Runtime$SameThreadExecutorService.execute(Runtime.java:217)
	at cucumber.runtime.Runtime.run(Runtime.java:79)
	at cucumber.api.cli.Main.run(Main.java:26)
	at cucumber.api.cli.Main.main(Main.java:8)
13:34:34.662 ERROR com.cognifide.qa.bb.utils.YamlReader:92 - Could not parse YAML file: title.yaml
com.fasterxml.jackson.databind.JsonMappingException: No content to map due to end-of-input
 at [Source: UNKNOWN; line: 1, column: 1]
	at com.fasterxml.jackson.databind.JsonMappingException.from(JsonMappingException.java:270)
	at com.fasterxml.jackson.databind.ObjectMapper._initForReading(ObjectMapper.java:3854)
	at com.fasterxml.jackson.databind.ObjectMapper._readMapAndClose(ObjectMapper.java:3799)
	at com.fasterxml.jackson.databind.ObjectMapper.readValue(ObjectMapper.java:2931)
	at com.cognifide.qa.bb.utils.YamlReader.readFromTestResources(YamlReader.java:90)
	at com.cognifide.qa.bb.aem.core.component.configuration.ComponentConfigResourceFileReader.readConfiguration(ComponentConfigResourceFileReader.java:45)
	at com.cognifide.qa.bb.aem.core.component.configuration.ComponentConfigResourceFileReader.readConfiguration(ComponentConfigResourceFileReader.java:34)
	at com.cognifide.qa.bb.aem.core.component.actions.ConfigureComponent.execute(ConfigureComponent.java:64)
	at com.cognifide.qa.bb.aem.core.component.actions.ConfigureComponent$$EnhancerByGuice$$1c09fcb8.CGLIB$execute$1(<generated>)
	at com.cognifide.qa.bb.aem.core.component.actions.ConfigureComponent$$EnhancerByGuice$$1c09fcb8$$FastClassByGuice$$4dd54a5e.invoke(<generated>)
	at com.google.inject.internal.cglib.proxy.$MethodProxy.invokeSuper(MethodProxy.java:228)
	at com.google.inject.internal.InterceptorStackCallback$InterceptedMethodInvocation.proceed(InterceptorStackCallback.java:76)
	at com.cognifide.qa.bb.frame.FrameAspect.switchFrameAndProceed(FrameAspect.java:70)
	at com.cognifide.qa.bb.frame.FrameAspect.invoke(FrameAspect.java:58)
	at com.google.inject.internal.InterceptorStackCallback$InterceptedMethodInvocation.proceed(InterceptorStackCallback.java:78)
	at com.google.inject.internal.InterceptorStackCallback.intercept(InterceptorStackCallback.java:54)
	at com.cognifide.qa.bb.aem.core.component.actions.ConfigureComponent$$EnhancerByGuice$$1c09fcb8.execute(<generated>)
	at com.cognifide.qa.bb.aem.core.component.actions.ConfigureComponent.execute(ConfigureComponent.java:40)
	at com.cognifide.qa.bb.aem.core.component.actions.ConfigureComponent$$EnhancerByGuice$$1c09fcb8.execute(<generated>)
	at com.cognifide.qa.bb.api.actions.internal.DefaultController.execute(DefaultController.java:55)
	at com.honeywell.honeywell.steps.TitleFeatureSteps.I_configure_the_title_component(TitleFeatureSteps.java:75)
	at sun.reflect.NativeMethodAccessorImpl.invoke0(Native Method)
	at sun.reflect.NativeMethodAccessorImpl.invoke(NativeMethodAccessorImpl.java:62)
	at sun.reflect.DelegatingMethodAccessorImpl.invoke(DelegatingMethodAccessorImpl.java:43)
	at java.lang.reflect.Method.invoke(Method.java:498)
	at cucumber.runtime.Utils$1.call(Utils.java:26)
	at cucumber.runtime.Timeout.timeout(Timeout.java:16)
	at cucumber.runtime.Utils.invoke(Utils.java:20)
	at cucumber.runtime.java.JavaStepDefinition.execute(JavaStepDefinition.java:57)
	at cucumber.runner.PickleStepDefinitionMatch.runStep(PickleStepDefinitionMatch.java:50)
	at cucumber.runner.TestStep.executeStep(TestStep.java:63)
	at cucumber.runner.TestStep.run(TestStep.java:49)
	at cucumber.runner.PickleStepTestStep.run(PickleStepTestStep.java:43)
	at cucumber.runner.TestCase.run(TestCase.java:45)
	at cucumber.runner.Runner.runPickle(Runner.java:40)
	at cucumber.runtime.Runtime$1.run(Runtime.java:82)
	at cucumber.runtime.Runtime$SameThreadExecutorService.execute(Runtime.java:217)
	at cucumber.runtime.Runtime.run(Runtime.java:79)
	at cucumber.api.cli.Main.run(Main.java:26)
	at cucumber.api.cli.Main.main(Main.java:8)
13:42:10.946 DEBUG com.cognifide.qa.bb.wait.BobcatWait:126 - title to be "text". Current title: "" condition has not been met before timeout 
org.openqa.selenium.TimeoutException: Expected condition failed: waiting for title to be "text". Current title: "" (tried for 10 second(s) with 500 milliseconds interval)
Build info: version: '3.141.0', revision: '2ecb7d9a', time: '2018-10-31T20:09:30'
System info: host: 'RAVIKUMAR-PC', ip: '192.168.1.4', os.name: 'Windows 10', os.arch: 'amd64', os.version: '10.0', java.version: '1.8.0_201'
Driver info: com.cognifide.qa.bb.provider.selenium.webdriver.close.ClosingAwareWebDriverWrapper
Capabilities {acceptInsecureCerts: false, browserName: chrome, browserVersion: 79.0.3945.130, chrome: {chromedriverVersion: 79.0.3945.36 (3582db32b3389..., userDataDir: C:\Users\RAVIKU~1\AppData\L...}, goog:chromeOptions: {debuggerAddress: localhost:62955}, javascriptEnabled: true, networkConnectionEnabled: false, pageLoadStrategy: normal, platform: WINDOWS, platformName: WINDOWS, proxy: Proxy(), setWindowRect: true, strictFileInteractability: false, timeouts: {implicit: 0, pageLoad: 300000, script: 30000}, unhandledPromptBehavior: dismiss and notify}
Session ID: 4b2fb7112086272187d98cf746cee76b
	at org.openqa.selenium.support.ui.WebDriverWait.timeoutException(WebDriverWait.java:95)
	at org.openqa.selenium.support.ui.FluentWait.until(FluentWait.java:272)
	at com.cognifide.qa.bb.wait.BobcatWait.until(BobcatWait.java:108)
	at com.cognifide.qa.bb.wait.BobcatWait.isConditionMet(BobcatWait.java:124)
	at com.honeywell.honeywell.pages.TestPage.isDisplayed(TestPage.java:26)
	at com.honeywell.honeywell.pages.TestPage$$EnhancerByGuice$$96889f61.CGLIB$isDisplayed$2(<generated>)
	at com.honeywell.honeywell.pages.TestPage$$EnhancerByGuice$$96889f61$$FastClassByGuice$$b20e3545.invoke(<generated>)
	at com.google.inject.internal.cglib.proxy.$MethodProxy.invokeSuper(MethodProxy.java:228)
	at com.google.inject.internal.InterceptorStackCallback$InterceptedMethodInvocation.proceed(InterceptorStackCallback.java:76)
	at com.cognifide.qa.bb.frame.FrameAspect.switchFrameAndProceed(FrameAspect.java:70)
	at com.cognifide.qa.bb.frame.FrameAspect.invoke(FrameAspect.java:58)
	at com.google.inject.internal.InterceptorStackCallback$InterceptedMethodInvocation.proceed(InterceptorStackCallback.java:78)
	at com.google.inject.internal.InterceptorStackCallback.intercept(InterceptorStackCallback.java:54)
	at com.honeywell.honeywell.pages.TestPage$$EnhancerByGuice$$96889f61.isDisplayed(<generated>)
	at com.honeywell.honeywell.steps.TextFeatureSteps.I_open_the_test_page(TextFeatureSteps.java:64)
	at sun.reflect.NativeMethodAccessorImpl.invoke0(Native Method)
	at sun.reflect.NativeMethodAccessorImpl.invoke(NativeMethodAccessorImpl.java:62)
	at sun.reflect.DelegatingMethodAccessorImpl.invoke(DelegatingMethodAccessorImpl.java:43)
	at java.lang.reflect.Method.invoke(Method.java:498)
	at cucumber.runtime.Utils$1.call(Utils.java:26)
	at cucumber.runtime.Timeout.timeout(Timeout.java:16)
	at cucumber.runtime.Utils.invoke(Utils.java:20)
	at cucumber.runtime.java.JavaStepDefinition.execute(JavaStepDefinition.java:57)
	at cucumber.runner.PickleStepDefinitionMatch.runStep(PickleStepDefinitionMatch.java:50)
	at cucumber.runner.TestStep.executeStep(TestStep.java:63)
	at cucumber.runner.TestStep.run(TestStep.java:49)
	at cucumber.runner.PickleStepTestStep.run(PickleStepTestStep.java:43)
	at cucumber.runner.TestCase.run(TestCase.java:45)
	at cucumber.runner.Runner.runPickle(Runner.java:40)
	at cucumber.runtime.Runtime$1.run(Runtime.java:82)
	at cucumber.runtime.Runtime$SameThreadExecutorService.execute(Runtime.java:217)
	at cucumber.runtime.Runtime.run(Runtime.java:79)
	at cucumber.api.cli.Main.run(Main.java:26)
	at cucumber.api.cli.Main.main(Main.java:8)
13:42:26.759 DEBUG com.cognifide.qa.bb.wait.BobcatWait:126 - title to be "title". Current title: "" condition has not been met before timeout 
org.openqa.selenium.TimeoutException: Expected condition failed: waiting for title to be "title". Current title: "" (tried for 10 second(s) with 500 milliseconds interval)
Build info: version: '3.141.0', revision: '2ecb7d9a', time: '2018-10-31T20:09:30'
System info: host: 'RAVIKUMAR-PC', ip: '192.168.1.4', os.name: 'Windows 10', os.arch: 'amd64', os.version: '10.0', java.version: '1.8.0_201'
Driver info: com.cognifide.qa.bb.provider.selenium.webdriver.close.ClosingAwareWebDriverWrapper
Capabilities {acceptInsecureCerts: false, browserName: chrome, browserVersion: 79.0.3945.130, chrome: {chromedriverVersion: 79.0.3945.36 (3582db32b3389..., userDataDir: C:\Users\RAVIKU~1\AppData\L...}, goog:chromeOptions: {debuggerAddress: localhost:62990}, javascriptEnabled: true, networkConnectionEnabled: false, pageLoadStrategy: normal, platform: WINDOWS, platformName: WINDOWS, proxy: Proxy(), setWindowRect: true, strictFileInteractability: false, timeouts: {implicit: 0, pageLoad: 300000, script: 30000}, unhandledPromptBehavior: dismiss and notify}
Session ID: bbb2cf1133883acde917e6c5b5cd3374
	at org.openqa.selenium.support.ui.WebDriverWait.timeoutException(WebDriverWait.java:95)
	at org.openqa.selenium.support.ui.FluentWait.until(FluentWait.java:272)
	at com.cognifide.qa.bb.wait.BobcatWait.until(BobcatWait.java:108)
	at com.cognifide.qa.bb.wait.BobcatWait.isConditionMet(BobcatWait.java:124)
	at com.honeywell.honeywell.pages.TestPage.isDisplayed(TestPage.java:26)
	at com.honeywell.honeywell.pages.TestPage$$EnhancerByGuice$$96889f61.CGLIB$isDisplayed$2(<generated>)
	at com.honeywell.honeywell.pages.TestPage$$EnhancerByGuice$$96889f61$$FastClassByGuice$$b20e3545.invoke(<generated>)
	at com.google.inject.internal.cglib.proxy.$MethodProxy.invokeSuper(MethodProxy.java:228)
	at com.google.inject.internal.InterceptorStackCallback$InterceptedMethodInvocation.proceed(InterceptorStackCallback.java:76)
	at com.cognifide.qa.bb.frame.FrameAspect.switchFrameAndProceed(FrameAspect.java:70)
	at com.cognifide.qa.bb.frame.FrameAspect.invoke(FrameAspect.java:58)
	at com.google.inject.internal.InterceptorStackCallback$InterceptedMethodInvocation.proceed(InterceptorStackCallback.java:78)
	at com.google.inject.internal.InterceptorStackCallback.intercept(InterceptorStackCallback.java:54)
	at com.honeywell.honeywell.pages.TestPage$$EnhancerByGuice$$96889f61.isDisplayed(<generated>)
	at com.honeywell.honeywell.steps.TitleFeatureSteps.I_open_the_test_page(TitleFeatureSteps.java:65)
	at sun.reflect.NativeMethodAccessorImpl.invoke0(Native Method)
	at sun.reflect.NativeMethodAccessorImpl.invoke(NativeMethodAccessorImpl.java:62)
	at sun.reflect.DelegatingMethodAccessorImpl.invoke(DelegatingMethodAccessorImpl.java:43)
	at java.lang.reflect.Method.invoke(Method.java:498)
	at cucumber.runtime.Utils$1.call(Utils.java:26)
	at cucumber.runtime.Timeout.timeout(Timeout.java:16)
	at cucumber.runtime.Utils.invoke(Utils.java:20)
	at cucumber.runtime.java.JavaStepDefinition.execute(JavaStepDefinition.java:57)
	at cucumber.runner.PickleStepDefinitionMatch.runStep(PickleStepDefinitionMatch.java:50)
	at cucumber.runner.TestStep.executeStep(TestStep.java:63)
	at cucumber.runner.TestStep.run(TestStep.java:49)
	at cucumber.runner.PickleStepTestStep.run(PickleStepTestStep.java:43)
	at cucumber.runner.TestCase.run(TestCase.java:45)
	at cucumber.runner.Runner.runPickle(Runner.java:40)
	at cucumber.runtime.Runtime$1.run(Runtime.java:82)
	at cucumber.runtime.Runtime$SameThreadExecutorService.execute(Runtime.java:217)
	at cucumber.runtime.Runtime.run(Runtime.java:79)
	at cucumber.api.cli.Main.run(Main.java:26)
	at cucumber.api.cli.Main.main(Main.java:8)
13:44:42.806 DEBUG com.cognifide.qa.bb.wait.BobcatWait:126 - title to be "text". Current title: "" condition has not been met before timeout 
org.openqa.selenium.TimeoutException: Expected condition failed: waiting for title to be "text". Current title: "" (tried for 10 second(s) with 500 milliseconds interval)
Build info: version: '3.141.0', revision: '2ecb7d9a', time: '2018-10-31T20:09:30'
System info: host: 'RAVIKUMAR-PC', ip: '192.168.1.4', os.name: 'Windows 10', os.arch: 'amd64', os.version: '10.0', java.version: '1.8.0_201'
Driver info: com.cognifide.qa.bb.provider.selenium.webdriver.close.ClosingAwareWebDriverWrapper
Capabilities {acceptInsecureCerts: false, browserName: chrome, browserVersion: 79.0.3945.130, chrome: {chromedriverVersion: 79.0.3945.36 (3582db32b3389..., userDataDir: C:\Users\RAVIKU~1\AppData\L...}, goog:chromeOptions: {debuggerAddress: localhost:63072}, javascriptEnabled: true, networkConnectionEnabled: false, pageLoadStrategy: normal, platform: WINDOWS, platformName: WINDOWS, proxy: Proxy(), setWindowRect: true, strictFileInteractability: false, timeouts: {implicit: 0, pageLoad: 300000, script: 30000}, unhandledPromptBehavior: dismiss and notify}
Session ID: 9fe520b1542be5dc48f57eef5a25c6ab
	at org.openqa.selenium.support.ui.WebDriverWait.timeoutException(WebDriverWait.java:95)
	at org.openqa.selenium.support.ui.FluentWait.until(FluentWait.java:272)
	at com.cognifide.qa.bb.wait.BobcatWait.until(BobcatWait.java:108)
	at com.cognifide.qa.bb.wait.BobcatWait.isConditionMet(BobcatWait.java:124)
	at com.honeywell.honeywell.pages.TestPage.isDisplayed(TestPage.java:26)
	at com.honeywell.honeywell.pages.TestPage$$EnhancerByGuice$$8b64c865.CGLIB$isDisplayed$1(<generated>)
	at com.honeywell.honeywell.pages.TestPage$$EnhancerByGuice$$8b64c865$$FastClassByGuice$$5e2f933c.invoke(<generated>)
	at com.google.inject.internal.cglib.proxy.$MethodProxy.invokeSuper(MethodProxy.java:228)
	at com.google.inject.internal.InterceptorStackCallback$InterceptedMethodInvocation.proceed(InterceptorStackCallback.java:76)
	at com.cognifide.qa.bb.frame.FrameAspect.switchFrameAndProceed(FrameAspect.java:70)
	at com.cognifide.qa.bb.frame.FrameAspect.invoke(FrameAspect.java:58)
	at com.google.inject.internal.InterceptorStackCallback$InterceptedMethodInvocation.proceed(InterceptorStackCallback.java:78)
	at com.google.inject.internal.InterceptorStackCallback.intercept(InterceptorStackCallback.java:54)
	at com.honeywell.honeywell.pages.TestPage$$EnhancerByGuice$$8b64c865.isDisplayed(<generated>)
	at com.honeywell.honeywell.steps.TextFeatureSteps.I_open_the_test_page(TextFeatureSteps.java:64)
	at sun.reflect.NativeMethodAccessorImpl.invoke0(Native Method)
	at sun.reflect.NativeMethodAccessorImpl.invoke(NativeMethodAccessorImpl.java:62)
	at sun.reflect.DelegatingMethodAccessorImpl.invoke(DelegatingMethodAccessorImpl.java:43)
	at java.lang.reflect.Method.invoke(Method.java:498)
	at cucumber.runtime.Utils$1.call(Utils.java:26)
	at cucumber.runtime.Timeout.timeout(Timeout.java:16)
	at cucumber.runtime.Utils.invoke(Utils.java:20)
	at cucumber.runtime.java.JavaStepDefinition.execute(JavaStepDefinition.java:57)
	at cucumber.runner.PickleStepDefinitionMatch.runStep(PickleStepDefinitionMatch.java:50)
	at cucumber.runner.TestStep.executeStep(TestStep.java:63)
	at cucumber.runner.TestStep.run(TestStep.java:49)
	at cucumber.runner.PickleStepTestStep.run(PickleStepTestStep.java:43)
	at cucumber.runner.TestCase.run(TestCase.java:45)
	at cucumber.runner.Runner.runPickle(Runner.java:40)
	at cucumber.runtime.Runtime$1.run(Runtime.java:82)
	at cucumber.runtime.Runtime$SameThreadExecutorService.execute(Runtime.java:217)
	at cucumber.runtime.Runtime.run(Runtime.java:79)
	at cucumber.api.cli.Main.run(Main.java:26)
	at cucumber.api.cli.Main.main(Main.java:8)
13:44:58.410 DEBUG com.cognifide.qa.bb.wait.BobcatWait:126 - title to be "title". Current title: "" condition has not been met before timeout 
org.openqa.selenium.TimeoutException: Expected condition failed: waiting for title to be "title". Current title: "" (tried for 10 second(s) with 500 milliseconds interval)
Build info: version: '3.141.0', revision: '2ecb7d9a', time: '2018-10-31T20:09:30'
System info: host: 'RAVIKUMAR-PC', ip: '192.168.1.4', os.name: 'Windows 10', os.arch: 'amd64', os.version: '10.0', java.version: '1.8.0_201'
Driver info: com.cognifide.qa.bb.provider.selenium.webdriver.close.ClosingAwareWebDriverWrapper
Capabilities {acceptInsecureCerts: false, browserName: chrome, browserVersion: 79.0.3945.130, chrome: {chromedriverVersion: 79.0.3945.36 (3582db32b3389..., userDataDir: C:\Users\RAVIKU~1\AppData\L...}, goog:chromeOptions: {debuggerAddress: localhost:63104}, javascriptEnabled: true, networkConnectionEnabled: false, pageLoadStrategy: normal, platform: WINDOWS, platformName: WINDOWS, proxy: Proxy(), setWindowRect: true, strictFileInteractability: false, timeouts: {implicit: 0, pageLoad: 300000, script: 30000}, unhandledPromptBehavior: dismiss and notify}
Session ID: 58ea1b7a5efde51f3874ef53582a551c
	at org.openqa.selenium.support.ui.WebDriverWait.timeoutException(WebDriverWait.java:95)
	at org.openqa.selenium.support.ui.FluentWait.until(FluentWait.java:272)
	at com.cognifide.qa.bb.wait.BobcatWait.until(BobcatWait.java:108)
	at com.cognifide.qa.bb.wait.BobcatWait.isConditionMet(BobcatWait.java:124)
	at com.honeywell.honeywell.pages.TestPage.isDisplayed(TestPage.java:26)
	at com.honeywell.honeywell.pages.TestPage$$EnhancerByGuice$$8b64c865.CGLIB$isDisplayed$1(<generated>)
	at com.honeywell.honeywell.pages.TestPage$$EnhancerByGuice$$8b64c865$$FastClassByGuice$$5e2f933c.invoke(<generated>)
	at com.google.inject.internal.cglib.proxy.$MethodProxy.invokeSuper(MethodProxy.java:228)
	at com.google.inject.internal.InterceptorStackCallback$InterceptedMethodInvocation.proceed(InterceptorStackCallback.java:76)
	at com.cognifide.qa.bb.frame.FrameAspect.switchFrameAndProceed(FrameAspect.java:70)
	at com.cognifide.qa.bb.frame.FrameAspect.invoke(FrameAspect.java:58)
	at com.google.inject.internal.InterceptorStackCallback$InterceptedMethodInvocation.proceed(InterceptorStackCallback.java:78)
	at com.google.inject.internal.InterceptorStackCallback.intercept(InterceptorStackCallback.java:54)
	at com.honeywell.honeywell.pages.TestPage$$EnhancerByGuice$$8b64c865.isDisplayed(<generated>)
	at com.honeywell.honeywell.steps.TitleFeatureSteps.I_open_the_test_page(TitleFeatureSteps.java:65)
	at sun.reflect.NativeMethodAccessorImpl.invoke0(Native Method)
	at sun.reflect.NativeMethodAccessorImpl.invoke(NativeMethodAccessorImpl.java:62)
	at sun.reflect.DelegatingMethodAccessorImpl.invoke(DelegatingMethodAccessorImpl.java:43)
	at java.lang.reflect.Method.invoke(Method.java:498)
	at cucumber.runtime.Utils$1.call(Utils.java:26)
	at cucumber.runtime.Timeout.timeout(Timeout.java:16)
	at cucumber.runtime.Utils.invoke(Utils.java:20)
	at cucumber.runtime.java.JavaStepDefinition.execute(JavaStepDefinition.java:57)
	at cucumber.runner.PickleStepDefinitionMatch.runStep(PickleStepDefinitionMatch.java:50)
	at cucumber.runner.TestStep.executeStep(TestStep.java:63)
	at cucumber.runner.TestStep.run(TestStep.java:49)
	at cucumber.runner.PickleStepTestStep.run(PickleStepTestStep.java:43)
	at cucumber.runner.TestCase.run(TestCase.java:45)
	at cucumber.runner.Runner.runPickle(Runner.java:40)
	at cucumber.runtime.Runtime$1.run(Runtime.java:82)
	at cucumber.runtime.Runtime$SameThreadExecutorService.execute(Runtime.java:217)
	at cucumber.runtime.Runtime.run(Runtime.java:79)
	at cucumber.api.cli.Main.run(Main.java:26)
	at cucumber.api.cli.Main.main(Main.java:8)
14:17:03.690 DEBUG com.cognifide.qa.bb.wait.BobcatWait:126 - title to be "text". Current title: "" condition has not been met before timeout 
org.openqa.selenium.TimeoutException: Expected condition failed: waiting for title to be "text". Current title: "" (tried for 10 second(s) with 500 milliseconds interval)
Build info: version: '3.141.0', revision: '2ecb7d9a', time: '2018-10-31T20:09:30'
System info: host: 'RAVIKUMAR-PC', ip: '192.168.1.4', os.name: 'Windows 10', os.arch: 'amd64', os.version: '10.0', java.version: '1.8.0_201'
Driver info: com.cognifide.qa.bb.provider.selenium.webdriver.close.ClosingAwareWebDriverWrapper
Capabilities {acceptInsecureCerts: false, browserName: chrome, browserVersion: 79.0.3945.130, chrome: {chromedriverVersion: 79.0.3945.36 (3582db32b3389..., userDataDir: C:\Users\RAVIKU~1\AppData\L...}, goog:chromeOptions: {debuggerAddress: localhost:63259}, javascriptEnabled: true, networkConnectionEnabled: false, pageLoadStrategy: normal, platform: WINDOWS, platformName: WINDOWS, proxy: Proxy(), setWindowRect: true, strictFileInteractability: false, timeouts: {implicit: 0, pageLoad: 300000, script: 30000}, unhandledPromptBehavior: dismiss and notify}
Session ID: c8f633b4cd4beba7c5cf3dfc66d3412f
	at org.openqa.selenium.support.ui.WebDriverWait.timeoutException(WebDriverWait.java:95)
	at org.openqa.selenium.support.ui.FluentWait.until(FluentWait.java:272)
	at com.cognifide.qa.bb.wait.BobcatWait.until(BobcatWait.java:108)
	at com.cognifide.qa.bb.wait.BobcatWait.isConditionMet(BobcatWait.java:124)
	at com.honeywell.honeywell.pages.TestPage.isDisplayed(TestPage.java:26)
	at com.honeywell.honeywell.pages.TestPage$$EnhancerByGuice$$5d2dce7.CGLIB$isDisplayed$0(<generated>)
	at com.honeywell.honeywell.pages.TestPage$$EnhancerByGuice$$5d2dce7$$FastClassByGuice$$ba32e8d4.invoke(<generated>)
	at com.google.inject.internal.cglib.proxy.$MethodProxy.invokeSuper(MethodProxy.java:228)
	at com.google.inject.internal.InterceptorStackCallback$InterceptedMethodInvocation.proceed(InterceptorStackCallback.java:76)
	at com.cognifide.qa.bb.frame.FrameAspect.switchFrameAndProceed(FrameAspect.java:70)
	at com.cognifide.qa.bb.frame.FrameAspect.invoke(FrameAspect.java:58)
	at com.google.inject.internal.InterceptorStackCallback$InterceptedMethodInvocation.proceed(InterceptorStackCallback.java:78)
	at com.google.inject.internal.InterceptorStackCallback.intercept(InterceptorStackCallback.java:54)
	at com.honeywell.honeywell.pages.TestPage$$EnhancerByGuice$$5d2dce7.isDisplayed(<generated>)
	at com.honeywell.honeywell.steps.TextFeatureSteps.I_open_the_test_page(TextFeatureSteps.java:64)
	at sun.reflect.NativeMethodAccessorImpl.invoke0(Native Method)
	at sun.reflect.NativeMethodAccessorImpl.invoke(NativeMethodAccessorImpl.java:62)
	at sun.reflect.DelegatingMethodAccessorImpl.invoke(DelegatingMethodAccessorImpl.java:43)
	at java.lang.reflect.Method.invoke(Method.java:498)
	at cucumber.runtime.Utils$1.call(Utils.java:26)
	at cucumber.runtime.Timeout.timeout(Timeout.java:16)
	at cucumber.runtime.Utils.invoke(Utils.java:20)
	at cucumber.runtime.java.JavaStepDefinition.execute(JavaStepDefinition.java:57)
	at cucumber.runner.PickleStepDefinitionMatch.runStep(PickleStepDefinitionMatch.java:50)
	at cucumber.runner.TestStep.executeStep(TestStep.java:63)
	at cucumber.runner.TestStep.run(TestStep.java:49)
	at cucumber.runner.PickleStepTestStep.run(PickleStepTestStep.java:43)
	at cucumber.runner.TestCase.run(TestCase.java:45)
	at cucumber.runner.Runner.runPickle(Runner.java:40)
	at cucumber.runtime.Runtime$1.run(Runtime.java:82)
	at cucumber.runtime.Runtime$SameThreadExecutorService.execute(Runtime.java:217)
	at cucumber.runtime.Runtime.run(Runtime.java:79)
	at cucumber.api.cli.Main.run(Main.java:26)
	at cucumber.api.cli.Main.main(Main.java:8)
14:17:29.137 ERROR com.cognifide.qa.bb.utils.YamlReader:92 - Could not parse YAML file: title.yaml
com.fasterxml.jackson.databind.JsonMappingException: No content to map due to end-of-input
 at [Source: UNKNOWN; line: 1, column: 1]
	at com.fasterxml.jackson.databind.JsonMappingException.from(JsonMappingException.java:270)
	at com.fasterxml.jackson.databind.ObjectMapper._initForReading(ObjectMapper.java:3854)
	at com.fasterxml.jackson.databind.ObjectMapper._readMapAndClose(ObjectMapper.java:3799)
	at com.fasterxml.jackson.databind.ObjectMapper.readValue(ObjectMapper.java:2931)
	at com.cognifide.qa.bb.utils.YamlReader.readFromTestResources(YamlReader.java:90)
	at com.cognifide.qa.bb.aem.core.component.configuration.ComponentConfigResourceFileReader.readConfiguration(ComponentConfigResourceFileReader.java:45)
	at com.cognifide.qa.bb.aem.core.component.configuration.ComponentConfigResourceFileReader.readConfiguration(ComponentConfigResourceFileReader.java:34)
	at com.cognifide.qa.bb.aem.core.component.actions.ConfigureComponent.execute(ConfigureComponent.java:64)
	at com.cognifide.qa.bb.aem.core.component.actions.ConfigureComponent$$EnhancerByGuice$$1c09fcb8.CGLIB$execute$1(<generated>)
	at com.cognifide.qa.bb.aem.core.component.actions.ConfigureComponent$$EnhancerByGuice$$1c09fcb8$$FastClassByGuice$$4dd54a5e.invoke(<generated>)
	at com.google.inject.internal.cglib.proxy.$MethodProxy.invokeSuper(MethodProxy.java:228)
	at com.google.inject.internal.InterceptorStackCallback$InterceptedMethodInvocation.proceed(InterceptorStackCallback.java:76)
	at com.cognifide.qa.bb.frame.FrameAspect.switchFrameAndProceed(FrameAspect.java:70)
	at com.cognifide.qa.bb.frame.FrameAspect.invoke(FrameAspect.java:58)
	at com.google.inject.internal.InterceptorStackCallback$InterceptedMethodInvocation.proceed(InterceptorStackCallback.java:78)
	at com.google.inject.internal.InterceptorStackCallback.intercept(InterceptorStackCallback.java:54)
	at com.cognifide.qa.bb.aem.core.component.actions.ConfigureComponent$$EnhancerByGuice$$1c09fcb8.execute(<generated>)
	at com.cognifide.qa.bb.aem.core.component.actions.ConfigureComponent.execute(ConfigureComponent.java:40)
	at com.cognifide.qa.bb.aem.core.component.actions.ConfigureComponent$$EnhancerByGuice$$1c09fcb8.execute(<generated>)
	at com.cognifide.qa.bb.api.actions.internal.DefaultController.execute(DefaultController.java:55)
	at com.honeywell.honeywell.steps.TitleFeatureSteps.I_configure_the_title_component(TitleFeatureSteps.java:75)
	at sun.reflect.NativeMethodAccessorImpl.invoke0(Native Method)
	at sun.reflect.NativeMethodAccessorImpl.invoke(NativeMethodAccessorImpl.java:62)
	at sun.reflect.DelegatingMethodAccessorImpl.invoke(DelegatingMethodAccessorImpl.java:43)
	at java.lang.reflect.Method.invoke(Method.java:498)
	at cucumber.runtime.Utils$1.call(Utils.java:26)
	at cucumber.runtime.Timeout.timeout(Timeout.java:16)
	at cucumber.runtime.Utils.invoke(Utils.java:20)
	at cucumber.runtime.java.JavaStepDefinition.execute(JavaStepDefinition.java:57)
	at cucumber.runner.PickleStepDefinitionMatch.runStep(PickleStepDefinitionMatch.java:50)
	at cucumber.runner.TestStep.executeStep(TestStep.java:63)
	at cucumber.runner.TestStep.run(TestStep.java:49)
	at cucumber.runner.PickleStepTestStep.run(PickleStepTestStep.java:43)
	at cucumber.runner.TestCase.run(TestCase.java:45)
	at cucumber.runner.Runner.runPickle(Runner.java:40)
	at cucumber.runtime.Runtime$1.run(Runtime.java:82)
	at cucumber.runtime.Runtime$SameThreadExecutorService.execute(Runtime.java:217)
	at cucumber.runtime.Runtime.run(Runtime.java:79)
	at cucumber.api.cli.Main.run(Main.java:26)
	at cucumber.api.cli.Main.main(Main.java:8)
14:21:30.681 DEBUG com.cognifide.qa.bb.wait.BobcatWait:126 - title to be "text". Current title: "" condition has not been met before timeout 
org.openqa.selenium.TimeoutException: Expected condition failed: waiting for title to be "text". Current title: "" (tried for 10 second(s) with 500 milliseconds interval)
Build info: version: '3.141.0', revision: '2ecb7d9a', time: '2018-10-31T20:09:30'
System info: host: 'RAVIKUMAR-PC', ip: '192.168.1.4', os.name: 'Windows 10', os.arch: 'amd64', os.version: '10.0', java.version: '1.8.0_201'
Driver info: com.cognifide.qa.bb.provider.selenium.webdriver.close.ClosingAwareWebDriverWrapper
Capabilities {acceptInsecureCerts: false, browserName: chrome, browserVersion: 79.0.3945.130, chrome: {chromedriverVersion: 79.0.3945.36 (3582db32b3389..., userDataDir: C:\Users\RAVIKU~1\AppData\L...}, goog:chromeOptions: {debuggerAddress: localhost:63408}, javascriptEnabled: true, networkConnectionEnabled: false, pageLoadStrategy: normal, platform: WINDOWS, platformName: WINDOWS, proxy: Proxy(), setWindowRect: true, strictFileInteractability: false, timeouts: {implicit: 0, pageLoad: 300000, script: 30000}, unhandledPromptBehavior: dismiss and notify}
Session ID: 40b9068cdce20c1aad03d09a8b7c5c65
	at org.openqa.selenium.support.ui.WebDriverWait.timeoutException(WebDriverWait.java:95)
	at org.openqa.selenium.support.ui.FluentWait.until(FluentWait.java:272)
	at com.cognifide.qa.bb.wait.BobcatWait.until(BobcatWait.java:108)
	at com.cognifide.qa.bb.wait.BobcatWait.isConditionMet(BobcatWait.java:124)
	at com.honeywell.honeywell.pages.TestPage.isDisplayed(TestPage.java:26)
	at com.honeywell.honeywell.pages.TestPage$$EnhancerByGuice$$5d2dce7.CGLIB$isDisplayed$1(<generated>)
	at com.honeywell.honeywell.pages.TestPage$$EnhancerByGuice$$5d2dce7$$FastClassByGuice$$ba32e8d4.invoke(<generated>)
	at com.google.inject.internal.cglib.proxy.$MethodProxy.invokeSuper(MethodProxy.java:228)
	at com.google.inject.internal.InterceptorStackCallback$InterceptedMethodInvocation.proceed(InterceptorStackCallback.java:76)
	at com.cognifide.qa.bb.frame.FrameAspect.switchFrameAndProceed(FrameAspect.java:70)
	at com.cognifide.qa.bb.frame.FrameAspect.invoke(FrameAspect.java:58)
	at com.google.inject.internal.InterceptorStackCallback$InterceptedMethodInvocation.proceed(InterceptorStackCallback.java:78)
	at com.google.inject.internal.InterceptorStackCallback.intercept(InterceptorStackCallback.java:54)
	at com.honeywell.honeywell.pages.TestPage$$EnhancerByGuice$$5d2dce7.isDisplayed(<generated>)
	at com.honeywell.honeywell.steps.TextFeatureSteps.I_open_the_test_page(TextFeatureSteps.java:64)
	at sun.reflect.NativeMethodAccessorImpl.invoke0(Native Method)
	at sun.reflect.NativeMethodAccessorImpl.invoke(NativeMethodAccessorImpl.java:62)
	at sun.reflect.DelegatingMethodAccessorImpl.invoke(DelegatingMethodAccessorImpl.java:43)
	at java.lang.reflect.Method.invoke(Method.java:498)
	at cucumber.runtime.Utils$1.call(Utils.java:26)
	at cucumber.runtime.Timeout.timeout(Timeout.java:16)
	at cucumber.runtime.Utils.invoke(Utils.java:20)
	at cucumber.runtime.java.JavaStepDefinition.execute(JavaStepDefinition.java:57)
	at cucumber.runner.PickleStepDefinitionMatch.runStep(PickleStepDefinitionMatch.java:50)
	at cucumber.runner.TestStep.executeStep(TestStep.java:63)
	at cucumber.runner.TestStep.run(TestStep.java:49)
	at cucumber.runner.PickleStepTestStep.run(PickleStepTestStep.java:43)
	at cucumber.runner.TestCase.run(TestCase.java:45)
	at cucumber.runner.Runner.runPickle(Runner.java:40)
	at cucumber.runtime.Runtime$1.run(Runtime.java:82)
	at cucumber.runtime.Runtime$SameThreadExecutorService.execute(Runtime.java:217)
	at cucumber.runtime.Runtime.run(Runtime.java:79)
	at cucumber.api.cli.Main.run(Main.java:26)
	at cucumber.api.cli.Main.main(Main.java:8)
14:21:55.475 ERROR com.cognifide.qa.bb.utils.YamlReader:92 - Could not parse YAML file: title.yaml
com.fasterxml.jackson.databind.JsonMappingException: No content to map due to end-of-input
 at [Source: UNKNOWN; line: 1, column: 1]
	at com.fasterxml.jackson.databind.JsonMappingException.from(JsonMappingException.java:270)
	at com.fasterxml.jackson.databind.ObjectMapper._initForReading(ObjectMapper.java:3854)
	at com.fasterxml.jackson.databind.ObjectMapper._readMapAndClose(ObjectMapper.java:3799)
	at com.fasterxml.jackson.databind.ObjectMapper.readValue(ObjectMapper.java:2931)
	at com.cognifide.qa.bb.utils.YamlReader.readFromTestResources(YamlReader.java:90)
	at com.cognifide.qa.bb.aem.core.component.configuration.ComponentConfigResourceFileReader.readConfiguration(ComponentConfigResourceFileReader.java:45)
	at com.cognifide.qa.bb.aem.core.component.configuration.ComponentConfigResourceFileReader.readConfiguration(ComponentConfigResourceFileReader.java:34)
	at com.cognifide.qa.bb.aem.core.component.actions.ConfigureComponent.execute(ConfigureComponent.java:64)
	at com.cognifide.qa.bb.aem.core.component.actions.ConfigureComponent$$EnhancerByGuice$$1c09fcb8.CGLIB$execute$1(<generated>)
	at com.cognifide.qa.bb.aem.core.component.actions.ConfigureComponent$$EnhancerByGuice$$1c09fcb8$$FastClassByGuice$$4dd54a5e.invoke(<generated>)
	at com.google.inject.internal.cglib.proxy.$MethodProxy.invokeSuper(MethodProxy.java:228)
	at com.google.inject.internal.InterceptorStackCallback$InterceptedMethodInvocation.proceed(InterceptorStackCallback.java:76)
	at com.cognifide.qa.bb.frame.FrameAspect.switchFrameAndProceed(FrameAspect.java:70)
	at com.cognifide.qa.bb.frame.FrameAspect.invoke(FrameAspect.java:58)
	at com.google.inject.internal.InterceptorStackCallback$InterceptedMethodInvocation.proceed(InterceptorStackCallback.java:78)
	at com.google.inject.internal.InterceptorStackCallback.intercept(InterceptorStackCallback.java:54)
	at com.cognifide.qa.bb.aem.core.component.actions.ConfigureComponent$$EnhancerByGuice$$1c09fcb8.execute(<generated>)
	at com.cognifide.qa.bb.aem.core.component.actions.ConfigureComponent.execute(ConfigureComponent.java:40)
	at com.cognifide.qa.bb.aem.core.component.actions.ConfigureComponent$$EnhancerByGuice$$1c09fcb8.execute(<generated>)
	at com.cognifide.qa.bb.api.actions.internal.DefaultController.execute(DefaultController.java:55)
	at com.honeywell.honeywell.steps.TitleFeatureSteps.I_configure_the_title_component(TitleFeatureSteps.java:75)
	at sun.reflect.NativeMethodAccessorImpl.invoke0(Native Method)
	at sun.reflect.NativeMethodAccessorImpl.invoke(NativeMethodAccessorImpl.java:62)
	at sun.reflect.DelegatingMethodAccessorImpl.invoke(DelegatingMethodAccessorImpl.java:43)
	at java.lang.reflect.Method.invoke(Method.java:498)
	at cucumber.runtime.Utils$1.call(Utils.java:26)
	at cucumber.runtime.Timeout.timeout(Timeout.java:16)
	at cucumber.runtime.Utils.invoke(Utils.java:20)
	at cucumber.runtime.java.JavaStepDefinition.execute(JavaStepDefinition.java:57)
	at cucumber.runner.PickleStepDefinitionMatch.runStep(PickleStepDefinitionMatch.java:50)
	at cucumber.runner.TestStep.executeStep(TestStep.java:63)
	at cucumber.runner.TestStep.run(TestStep.java:49)
	at cucumber.runner.PickleStepTestStep.run(PickleStepTestStep.java:43)
	at cucumber.runner.TestCase.run(TestCase.java:45)
	at cucumber.runner.Runner.runPickle(Runner.java:40)
	at cucumber.runtime.Runtime$1.run(Runtime.java:82)
	at cucumber.runtime.Runtime$SameThreadExecutorService.execute(Runtime.java:217)
	at cucumber.runtime.Runtime.run(Runtime.java:79)
	at cucumber.api.cli.Main.run(Main.java:26)
	at cucumber.api.cli.Main.main(Main.java:8)
14:27:16.351 ERROR com.cognifide.qa.bb.utils.YamlReader:92 - Could not parse YAML file: title.yaml
com.fasterxml.jackson.databind.JsonMappingException: No content to map due to end-of-input
 at [Source: UNKNOWN; line: 1, column: 1]
	at com.fasterxml.jackson.databind.JsonMappingException.from(JsonMappingException.java:270)
	at com.fasterxml.jackson.databind.ObjectMapper._initForReading(ObjectMapper.java:3854)
	at com.fasterxml.jackson.databind.ObjectMapper._readMapAndClose(ObjectMapper.java:3799)
	at com.fasterxml.jackson.databind.ObjectMapper.readValue(ObjectMapper.java:2931)
	at com.cognifide.qa.bb.utils.YamlReader.readFromTestResources(YamlReader.java:90)
	at com.cognifide.qa.bb.aem.core.component.configuration.ComponentConfigResourceFileReader.readConfiguration(ComponentConfigResourceFileReader.java:45)
	at com.cognifide.qa.bb.aem.core.component.configuration.ComponentConfigResourceFileReader.readConfiguration(ComponentConfigResourceFileReader.java:34)
	at com.cognifide.qa.bb.aem.core.component.actions.ConfigureComponent.execute(ConfigureComponent.java:64)
	at com.cognifide.qa.bb.aem.core.component.actions.ConfigureComponent$$EnhancerByGuice$$1c09fcb8.CGLIB$execute$1(<generated>)
	at com.cognifide.qa.bb.aem.core.component.actions.ConfigureComponent$$EnhancerByGuice$$1c09fcb8$$FastClassByGuice$$4dd54a5e.invoke(<generated>)
	at com.google.inject.internal.cglib.proxy.$MethodProxy.invokeSuper(MethodProxy.java:228)
	at com.google.inject.internal.InterceptorStackCallback$InterceptedMethodInvocation.proceed(InterceptorStackCallback.java:76)
	at com.cognifide.qa.bb.frame.FrameAspect.switchFrameAndProceed(FrameAspect.java:70)
	at com.cognifide.qa.bb.frame.FrameAspect.invoke(FrameAspect.java:58)
	at com.google.inject.internal.InterceptorStackCallback$InterceptedMethodInvocation.proceed(InterceptorStackCallback.java:78)
	at com.google.inject.internal.InterceptorStackCallback.intercept(InterceptorStackCallback.java:54)
	at com.cognifide.qa.bb.aem.core.component.actions.ConfigureComponent$$EnhancerByGuice$$1c09fcb8.execute(<generated>)
	at com.cognifide.qa.bb.aem.core.component.actions.ConfigureComponent.execute(ConfigureComponent.java:40)
	at com.cognifide.qa.bb.aem.core.component.actions.ConfigureComponent$$EnhancerByGuice$$1c09fcb8.execute(<generated>)
	at com.cognifide.qa.bb.api.actions.internal.DefaultController.execute(DefaultController.java:55)
	at com.honeywell.honeywell.steps.TitleFeatureSteps.I_configure_the_title_component(TitleFeatureSteps.java:75)
	at sun.reflect.NativeMethodAccessorImpl.invoke0(Native Method)
	at sun.reflect.NativeMethodAccessorImpl.invoke(NativeMethodAccessorImpl.java:62)
	at sun.reflect.DelegatingMethodAccessorImpl.invoke(DelegatingMethodAccessorImpl.java:43)
	at java.lang.reflect.Method.invoke(Method.java:498)
	at cucumber.runtime.Utils$1.call(Utils.java:26)
	at cucumber.runtime.Timeout.timeout(Timeout.java:16)
	at cucumber.runtime.Utils.invoke(Utils.java:20)
	at cucumber.runtime.java.JavaStepDefinition.execute(JavaStepDefinition.java:57)
	at cucumber.runner.PickleStepDefinitionMatch.runStep(PickleStepDefinitionMatch.java:50)
	at cucumber.runner.TestStep.executeStep(TestStep.java:63)
	at cucumber.runner.TestStep.run(TestStep.java:49)
	at cucumber.runner.PickleStepTestStep.run(PickleStepTestStep.java:43)
	at cucumber.runner.TestCase.run(TestCase.java:45)
	at cucumber.runner.Runner.runPickle(Runner.java:40)
	at cucumber.runtime.Runtime$1.run(Runtime.java:82)
	at cucumber.runtime.Runtime$SameThreadExecutorService.execute(Runtime.java:217)
	at cucumber.runtime.Runtime.run(Runtime.java:79)
	at cucumber.api.cli.Main.run(Main.java:26)
	at cucumber.api.cli.Main.main(Main.java:8)
14:31:57.422 ERROR com.cognifide.qa.bb.utils.YamlReader:92 - Could not parse YAML file: title.yaml
com.fasterxml.jackson.databind.JsonMappingException: No content to map due to end-of-input
 at [Source: UNKNOWN; line: 1, column: 1]
	at com.fasterxml.jackson.databind.JsonMappingException.from(JsonMappingException.java:270)
	at com.fasterxml.jackson.databind.ObjectMapper._initForReading(ObjectMapper.java:3854)
	at com.fasterxml.jackson.databind.ObjectMapper._readMapAndClose(ObjectMapper.java:3799)
	at com.fasterxml.jackson.databind.ObjectMapper.readValue(ObjectMapper.java:2931)
	at com.cognifide.qa.bb.utils.YamlReader.readFromTestResources(YamlReader.java:90)
	at com.cognifide.qa.bb.aem.core.component.configuration.ComponentConfigResourceFileReader.readConfiguration(ComponentConfigResourceFileReader.java:45)
	at com.cognifide.qa.bb.aem.core.component.configuration.ComponentConfigResourceFileReader.readConfiguration(ComponentConfigResourceFileReader.java:34)
	at com.cognifide.qa.bb.aem.core.component.actions.ConfigureComponent.execute(ConfigureComponent.java:64)
	at com.cognifide.qa.bb.aem.core.component.actions.ConfigureComponent$$EnhancerByGuice$$1c09fcb8.CGLIB$execute$1(<generated>)
	at com.cognifide.qa.bb.aem.core.component.actions.ConfigureComponent$$EnhancerByGuice$$1c09fcb8$$FastClassByGuice$$4dd54a5e.invoke(<generated>)
	at com.google.inject.internal.cglib.proxy.$MethodProxy.invokeSuper(MethodProxy.java:228)
	at com.google.inject.internal.InterceptorStackCallback$InterceptedMethodInvocation.proceed(InterceptorStackCallback.java:76)
	at com.cognifide.qa.bb.frame.FrameAspect.switchFrameAndProceed(FrameAspect.java:70)
	at com.cognifide.qa.bb.frame.FrameAspect.invoke(FrameAspect.java:58)
	at com.google.inject.internal.InterceptorStackCallback$InterceptedMethodInvocation.proceed(InterceptorStackCallback.java:78)
	at com.google.inject.internal.InterceptorStackCallback.intercept(InterceptorStackCallback.java:54)
	at com.cognifide.qa.bb.aem.core.component.actions.ConfigureComponent$$EnhancerByGuice$$1c09fcb8.execute(<generated>)
	at com.cognifide.qa.bb.aem.core.component.actions.ConfigureComponent.execute(ConfigureComponent.java:40)
	at com.cognifide.qa.bb.aem.core.component.actions.ConfigureComponent$$EnhancerByGuice$$1c09fcb8.execute(<generated>)
	at com.cognifide.qa.bb.api.actions.internal.DefaultController.execute(DefaultController.java:55)
	at com.honeywell.honeywell.steps.TitleFeatureSteps.I_configure_the_title_component(TitleFeatureSteps.java:75)
	at sun.reflect.NativeMethodAccessorImpl.invoke0(Native Method)
	at sun.reflect.NativeMethodAccessorImpl.invoke(NativeMethodAccessorImpl.java:62)
	at sun.reflect.DelegatingMethodAccessorImpl.invoke(DelegatingMethodAccessorImpl.java:43)
	at java.lang.reflect.Method.invoke(Method.java:498)
	at cucumber.runtime.Utils$1.call(Utils.java:26)
	at cucumber.runtime.Timeout.timeout(Timeout.java:16)
	at cucumber.runtime.Utils.invoke(Utils.java:20)
	at cucumber.runtime.java.JavaStepDefinition.execute(JavaStepDefinition.java:57)
	at cucumber.runner.PickleStepDefinitionMatch.runStep(PickleStepDefinitionMatch.java:50)
	at cucumber.runner.TestStep.executeStep(TestStep.java:63)
	at cucumber.runner.TestStep.run(TestStep.java:49)
	at cucumber.runner.PickleStepTestStep.run(PickleStepTestStep.java:43)
	at cucumber.runner.TestCase.run(TestCase.java:45)
	at cucumber.runner.Runner.runPickle(Runner.java:40)
	at cucumber.runtime.Runtime$1.run(Runtime.java:82)
	at cucumber.runtime.Runtime$SameThreadExecutorService.execute(Runtime.java:217)
	at cucumber.runtime.Runtime.run(Runtime.java:79)
	at cucumber.api.cli.Main.run(Main.java:26)
	at cucumber.api.cli.Main.main(Main.java:8)
14:55:40.444 INFO  com.cognifide.qa.bb.provider.selenium.webdriver.creators.ChromeDriverCreator:51 - Starting the initialization of 'chrome' WebDriver instance
14:55:40.450 DEBUG com.cognifide.qa.bb.provider.selenium.webdriver.creators.ChromeDriverCreator:52 - Initializing WebDriver with following capabilities: Capabilities {}
14:55:51.282 INFO  com.cognifide.qa.bb.provider.selenium.webdriver.creators.ChromeDriverCreator:51 - Starting the initialization of 'chrome' WebDriver instance
14:55:51.282 DEBUG com.cognifide.qa.bb.provider.selenium.webdriver.creators.ChromeDriverCreator:52 - Initializing WebDriver with following capabilities: Capabilities {}
14:56:07.120 INFO  com.cognifide.qa.bb.provider.selenium.webdriver.creators.ChromeDriverCreator:51 - Starting the initialization of 'chrome' WebDriver instance
14:56:07.121 DEBUG com.cognifide.qa.bb.provider.selenium.webdriver.creators.ChromeDriverCreator:52 - Initializing WebDriver with following capabilities: Capabilities {}
14:56:20.357 ERROR com.cognifide.qa.bb.utils.YamlReader:92 - Could not parse YAML file: title.yaml
com.fasterxml.jackson.databind.JsonMappingException: No content to map due to end-of-input
 at [Source: UNKNOWN; line: 1, column: 1]
	at com.fasterxml.jackson.databind.JsonMappingException.from(JsonMappingException.java:270)
	at com.fasterxml.jackson.databind.ObjectMapper._initForReading(ObjectMapper.java:3854)
	at com.fasterxml.jackson.databind.ObjectMapper._readMapAndClose(ObjectMapper.java:3799)
	at com.fasterxml.jackson.databind.ObjectMapper.readValue(ObjectMapper.java:2931)
	at com.cognifide.qa.bb.utils.YamlReader.readFromTestResources(YamlReader.java:90)
	at com.cognifide.qa.bb.aem.core.component.configuration.ComponentConfigResourceFileReader.readConfiguration(ComponentConfigResourceFileReader.java:45)
	at com.cognifide.qa.bb.aem.core.component.configuration.ComponentConfigResourceFileReader.readConfiguration(ComponentConfigResourceFileReader.java:34)
	at com.cognifide.qa.bb.aem.core.component.actions.ConfigureComponent.execute(ConfigureComponent.java:64)
	at com.cognifide.qa.bb.aem.core.component.actions.ConfigureComponent$$EnhancerByGuice$$1c09fcb8.CGLIB$execute$1(<generated>)
	at com.cognifide.qa.bb.aem.core.component.actions.ConfigureComponent$$EnhancerByGuice$$1c09fcb8$$FastClassByGuice$$4dd54a5e.invoke(<generated>)
	at com.google.inject.internal.cglib.proxy.$MethodProxy.invokeSuper(MethodProxy.java:228)
	at com.google.inject.internal.InterceptorStackCallback$InterceptedMethodInvocation.proceed(InterceptorStackCallback.java:76)
	at com.cognifide.qa.bb.frame.FrameAspect.switchFrameAndProceed(FrameAspect.java:71)
	at com.cognifide.qa.bb.frame.FrameAspect.invoke(FrameAspect.java:59)
	at com.google.inject.internal.InterceptorStackCallback$InterceptedMethodInvocation.proceed(InterceptorStackCallback.java:78)
	at com.google.inject.internal.InterceptorStackCallback.intercept(InterceptorStackCallback.java:54)
	at com.cognifide.qa.bb.aem.core.component.actions.ConfigureComponent$$EnhancerByGuice$$1c09fcb8.execute(<generated>)
	at com.cognifide.qa.bb.aem.core.component.actions.ConfigureComponent.execute(ConfigureComponent.java:40)
	at com.cognifide.qa.bb.aem.core.component.actions.ConfigureComponent$$EnhancerByGuice$$1c09fcb8.execute(<generated>)
	at com.cognifide.qa.bb.api.actions.internal.DefaultController.execute(DefaultController.java:55)
	at com.honeywell.honeywell.steps.TitleFeatureSteps.I_configure_the_title_component(TitleFeatureSteps.java:75)
	at sun.reflect.NativeMethodAccessorImpl.invoke0(Native Method)
	at sun.reflect.NativeMethodAccessorImpl.invoke(NativeMethodAccessorImpl.java:62)
	at sun.reflect.DelegatingMethodAccessorImpl.invoke(DelegatingMethodAccessorImpl.java:43)
	at java.lang.reflect.Method.invoke(Method.java:498)
	at cucumber.runtime.Utils$1.call(Utils.java:26)
	at cucumber.runtime.Timeout.timeout(Timeout.java:16)
	at cucumber.runtime.Utils.invoke(Utils.java:20)
	at cucumber.runtime.java.JavaStepDefinition.execute(JavaStepDefinition.java:57)
	at cucumber.runner.PickleStepDefinitionMatch.runStep(PickleStepDefinitionMatch.java:50)
	at cucumber.runner.TestStep.executeStep(TestStep.java:65)
	at cucumber.runner.TestStep.run(TestStep.java:50)
	at cucumber.runner.PickleStepTestStep.run(PickleStepTestStep.java:43)
	at cucumber.runner.TestCase.run(TestCase.java:46)
	at cucumber.runner.Runner.runPickle(Runner.java:50)
	at cucumber.runtime.Runtime$1.run(Runtime.java:104)
	at java.util.concurrent.Executors$RunnableAdapter.call(Executors.java:511)
	at java.util.concurrent.FutureTask.run(FutureTask.java:266)
	at cucumber.runtime.Runtime$SameThreadExecutorService.execute(Runtime.java:258)
	at java.util.concurrent.AbstractExecutorService.submit(AbstractExecutorService.java:112)
	at cucumber.runtime.Runtime.run(Runtime.java:101)
	at io.cucumber.core.cli.Main.run(Main.java:43)
	at cucumber.api.cli.Main.run(Main.java:28)
	at cucumber.api.cli.Main.main(Main.java:15)
22:52:30.157 ERROR com.cognifide.qa.bb.utils.YamlReader:92 - Could not parse YAML file: title.yaml
com.fasterxml.jackson.databind.JsonMappingException: No content to map due to end-of-input
 at [Source: UNKNOWN; line: 1, column: 1]
	at com.fasterxml.jackson.databind.JsonMappingException.from(JsonMappingException.java:270)
	at com.fasterxml.jackson.databind.ObjectMapper._initForReading(ObjectMapper.java:3854)
	at com.fasterxml.jackson.databind.ObjectMapper._readMapAndClose(ObjectMapper.java:3799)
	at com.fasterxml.jackson.databind.ObjectMapper.readValue(ObjectMapper.java:2931)
	at com.cognifide.qa.bb.utils.YamlReader.readFromTestResources(YamlReader.java:90)
	at com.cognifide.qa.bb.aem.core.component.configuration.ComponentConfigResourceFileReader.readConfiguration(ComponentConfigResourceFileReader.java:45)
	at com.cognifide.qa.bb.aem.core.component.configuration.ComponentConfigResourceFileReader.readConfiguration(ComponentConfigResourceFileReader.java:34)
	at com.cognifide.qa.bb.aem.core.component.actions.ConfigureComponent.execute(ConfigureComponent.java:64)
	at com.cognifide.qa.bb.aem.core.component.actions.ConfigureComponent$$EnhancerByGuice$$1c09fcb8.CGLIB$execute$1(<generated>)
	at com.cognifide.qa.bb.aem.core.component.actions.ConfigureComponent$$EnhancerByGuice$$1c09fcb8$$FastClassByGuice$$4dd54a5e.invoke(<generated>)
	at com.google.inject.internal.cglib.proxy.$MethodProxy.invokeSuper(MethodProxy.java:228)
	at com.google.inject.internal.InterceptorStackCallback$InterceptedMethodInvocation.proceed(InterceptorStackCallback.java:76)
	at com.cognifide.qa.bb.frame.FrameAspect.switchFrameAndProceed(FrameAspect.java:70)
	at com.cognifide.qa.bb.frame.FrameAspect.invoke(FrameAspect.java:58)
	at com.google.inject.internal.InterceptorStackCallback$InterceptedMethodInvocation.proceed(InterceptorStackCallback.java:78)
	at com.google.inject.internal.InterceptorStackCallback.intercept(InterceptorStackCallback.java:54)
	at com.cognifide.qa.bb.aem.core.component.actions.ConfigureComponent$$EnhancerByGuice$$1c09fcb8.execute(<generated>)
	at com.cognifide.qa.bb.aem.core.component.actions.ConfigureComponent.execute(ConfigureComponent.java:40)
	at com.cognifide.qa.bb.aem.core.component.actions.ConfigureComponent$$EnhancerByGuice$$1c09fcb8.execute(<generated>)
	at com.cognifide.qa.bb.api.actions.internal.DefaultController.execute(DefaultController.java:55)
	at com.honeywell.honeywell.steps.TitleFeatureSteps.I_configure_the_title_component(TitleFeatureSteps.java:75)
	at sun.reflect.NativeMethodAccessorImpl.invoke0(Native Method)
	at sun.reflect.NativeMethodAccessorImpl.invoke(NativeMethodAccessorImpl.java:62)
	at sun.reflect.DelegatingMethodAccessorImpl.invoke(DelegatingMethodAccessorImpl.java:43)
	at java.lang.reflect.Method.invoke(Method.java:498)
	at cucumber.runtime.Utils$1.call(Utils.java:26)
	at cucumber.runtime.Timeout.timeout(Timeout.java:16)
	at cucumber.runtime.Utils.invoke(Utils.java:20)
	at cucumber.runtime.java.JavaStepDefinition.execute(JavaStepDefinition.java:57)
	at cucumber.runner.PickleStepDefinitionMatch.runStep(PickleStepDefinitionMatch.java:50)
	at cucumber.runner.TestStep.executeStep(TestStep.java:65)
	at cucumber.runner.TestStep.run(TestStep.java:50)
	at cucumber.runner.PickleStepTestStep.run(PickleStepTestStep.java:43)
	at cucumber.runner.TestCase.run(TestCase.java:46)
	at cucumber.runner.Runner.runPickle(Runner.java:50)
	at cucumber.runtime.Runtime$1.run(Runtime.java:104)
	at java.util.concurrent.Executors$RunnableAdapter.call(Executors.java:511)
	at java.util.concurrent.FutureTask.run(FutureTask.java:266)
	at cucumber.runtime.Runtime$SameThreadExecutorService.execute(Runtime.java:258)
	at java.util.concurrent.AbstractExecutorService.submit(AbstractExecutorService.java:112)
	at cucumber.runtime.Runtime.run(Runtime.java:101)
	at io.cucumber.core.cli.Main.run(Main.java:43)
	at cucumber.api.cli.Main.run(Main.java:28)
	at cucumber.api.cli.Main.main(Main.java:15)
