08:38:52.925 INFO  com.cognifide.qa.bb.provider.selenium.webdriver.creators.ChromeDriverCreator:51 - Starting the initialization of 'chrome' WebDriver instance
08:38:52.929 DEBUG com.cognifide.qa.bb.provider.selenium.webdriver.creators.ChromeDriverCreator:52 - Initializing WebDriver with following capabilities: Capabilities {}
08:39:04.823 INFO  com.cognifide.qa.bb.provider.selenium.webdriver.creators.ChromeDriverCreator:51 - Starting the initialization of 'chrome' WebDriver instance
08:39:04.823 DEBUG com.cognifide.qa.bb.provider.selenium.webdriver.creators.ChromeDriverCreator:52 - Initializing WebDriver with following capabilities: Capabilities {}
08:39:20.636 INFO  com.cognifide.qa.bb.provider.selenium.webdriver.creators.ChromeDriverCreator:51 - Starting the initialization of 'chrome' WebDriver instance
08:39:20.636 DEBUG com.cognifide.qa.bb.provider.selenium.webdriver.creators.ChromeDriverCreator:52 - Initializing WebDriver with following capabilities: Capabilities {}
08:39:33.696 ERROR com.cognifide.qa.bb.utils.YamlReader:92 - Could not parse YAML file: title.yaml
com.fasterxml.jackson.databind.JsonMappingException: No content to map due to end-of-input
 at [Source: UNKNOWN; line: 1, column: 1]
	at com.fasterxml.jackson.databind.JsonMappingException.from(JsonMappingException.java:270)
	at com.fasterxml.jackson.databind.ObjectMapper._initForReading(ObjectMapper.java:3854)
	at com.fasterxml.jackson.databind.ObjectMapper._readMapAndClose(ObjectMapper.java:3799)
	at com.fasterxml.jackson.databind.ObjectMapper.readValue(ObjectMapper.java:2931)
	at com.cognifide.qa.bb.utils.YamlReader.readFromTestResources(YamlReader.java:90)
	at com.cognifide.qa.bb.aem.core.component.configuration.ComponentConfigResourceFileReader.readConfiguration(ComponentConfigResourceFileReader.java:45)
	at com.cognifide.qa.bb.aem.core.component.configuration.ComponentConfigResourceFileReader.readConfiguration(ComponentConfigResourceFileReader.java:34)
	at com.cognifide.qa.bb.aem.core.component.actions.ConfigureComponent.execute(ConfigureComponent.java:64)
	at com.cognifide.qa.bb.aem.core.component.actions.ConfigureComponent$$EnhancerByGuice$$1c09fcb8.CGLIB$execute$1(<generated>)
	at com.cognifide.qa.bb.aem.core.component.actions.ConfigureComponent$$EnhancerByGuice$$1c09fcb8$$FastClassByGuice$$4dd54a5e.invoke(<generated>)
	at com.google.inject.internal.cglib.proxy.$MethodProxy.invokeSuper(MethodProxy.java:228)
	at com.google.inject.internal.InterceptorStackCallback$InterceptedMethodInvocation.proceed(InterceptorStackCallback.java:76)
	at com.cognifide.qa.bb.frame.FrameAspect.switchFrameAndProceed(FrameAspect.java:71)
	at com.cognifide.qa.bb.frame.FrameAspect.invoke(FrameAspect.java:59)
	at com.google.inject.internal.InterceptorStackCallback$InterceptedMethodInvocation.proceed(InterceptorStackCallback.java:78)
	at com.google.inject.internal.InterceptorStackCallback.intercept(InterceptorStackCallback.java:54)
	at com.cognifide.qa.bb.aem.core.component.actions.ConfigureComponent$$EnhancerByGuice$$1c09fcb8.execute(<generated>)
	at com.cognifide.qa.bb.aem.core.component.actions.ConfigureComponent.execute(ConfigureComponent.java:40)
	at com.cognifide.qa.bb.aem.core.component.actions.ConfigureComponent$$EnhancerByGuice$$1c09fcb8.execute(<generated>)
	at com.cognifide.qa.bb.api.actions.internal.DefaultController.execute(DefaultController.java:55)
	at com.honeywell.honeywell.steps.TitleFeatureSteps.I_configure_the_title_component(TitleFeatureSteps.java:75)
	at sun.reflect.NativeMethodAccessorImpl.invoke0(Native Method)
	at sun.reflect.NativeMethodAccessorImpl.invoke(NativeMethodAccessorImpl.java:62)
	at sun.reflect.DelegatingMethodAccessorImpl.invoke(DelegatingMethodAccessorImpl.java:43)
	at java.lang.reflect.Method.invoke(Method.java:498)
	at cucumber.runtime.Utils$1.call(Utils.java:26)
	at cucumber.runtime.Timeout.timeout(Timeout.java:16)
	at cucumber.runtime.Utils.invoke(Utils.java:20)
	at cucumber.runtime.java.JavaStepDefinition.execute(JavaStepDefinition.java:57)
	at cucumber.runner.PickleStepDefinitionMatch.runStep(PickleStepDefinitionMatch.java:50)
	at cucumber.runner.TestStep.executeStep(TestStep.java:65)
	at cucumber.runner.TestStep.run(TestStep.java:50)
	at cucumber.runner.PickleStepTestStep.run(PickleStepTestStep.java:43)
	at cucumber.runner.TestCase.run(TestCase.java:46)
	at cucumber.runner.Runner.runPickle(Runner.java:50)
	at cucumber.runtime.Runtime$1.run(Runtime.java:104)
	at java.util.concurrent.Executors$RunnableAdapter.call(Executors.java:511)
	at java.util.concurrent.FutureTask.run(FutureTask.java:266)
	at cucumber.runtime.Runtime$SameThreadExecutorService.execute(Runtime.java:258)
	at java.util.concurrent.AbstractExecutorService.submit(AbstractExecutorService.java:112)
	at cucumber.runtime.Runtime.run(Runtime.java:101)
	at io.cucumber.core.cli.Main.run(Main.java:43)
	at cucumber.api.cli.Main.run(Main.java:28)
	at cucumber.api.cli.Main.main(Main.java:15)
08:49:41.632 ERROR com.cognifide.qa.bb.utils.YamlReader:92 - Could not parse YAML file: title.yaml
com.fasterxml.jackson.databind.JsonMappingException: No content to map due to end-of-input
 at [Source: UNKNOWN; line: 1, column: 1]
	at com.fasterxml.jackson.databind.JsonMappingException.from(JsonMappingException.java:270)
	at com.fasterxml.jackson.databind.ObjectMapper._initForReading(ObjectMapper.java:3854)
	at com.fasterxml.jackson.databind.ObjectMapper._readMapAndClose(ObjectMapper.java:3799)
	at com.fasterxml.jackson.databind.ObjectMapper.readValue(ObjectMapper.java:2931)
	at com.cognifide.qa.bb.utils.YamlReader.readFromTestResources(YamlReader.java:90)
	at com.cognifide.qa.bb.aem.core.component.configuration.ComponentConfigResourceFileReader.readConfiguration(ComponentConfigResourceFileReader.java:45)
	at com.cognifide.qa.bb.aem.core.component.configuration.ComponentConfigResourceFileReader.readConfiguration(ComponentConfigResourceFileReader.java:34)
	at com.cognifide.qa.bb.aem.core.component.actions.ConfigureComponent.execute(ConfigureComponent.java:64)
	at com.cognifide.qa.bb.aem.core.component.actions.ConfigureComponent$$EnhancerByGuice$$1c09fcb8.CGLIB$execute$1(<generated>)
	at com.cognifide.qa.bb.aem.core.component.actions.ConfigureComponent$$EnhancerByGuice$$1c09fcb8$$FastClassByGuice$$4dd54a5e.invoke(<generated>)
	at com.google.inject.internal.cglib.proxy.$MethodProxy.invokeSuper(MethodProxy.java:228)
	at com.google.inject.internal.InterceptorStackCallback$InterceptedMethodInvocation.proceed(InterceptorStackCallback.java:76)
	at com.cognifide.qa.bb.frame.FrameAspect.switchFrameAndProceed(FrameAspect.java:70)
	at com.cognifide.qa.bb.frame.FrameAspect.invoke(FrameAspect.java:58)
	at com.google.inject.internal.InterceptorStackCallback$InterceptedMethodInvocation.proceed(InterceptorStackCallback.java:78)
	at com.google.inject.internal.InterceptorStackCallback.intercept(InterceptorStackCallback.java:54)
	at com.cognifide.qa.bb.aem.core.component.actions.ConfigureComponent$$EnhancerByGuice$$1c09fcb8.execute(<generated>)
	at com.cognifide.qa.bb.aem.core.component.actions.ConfigureComponent.execute(ConfigureComponent.java:40)
	at com.cognifide.qa.bb.aem.core.component.actions.ConfigureComponent$$EnhancerByGuice$$1c09fcb8.execute(<generated>)
	at com.cognifide.qa.bb.api.actions.internal.DefaultController.execute(DefaultController.java:55)
	at com.honeywell.honeywell.steps.TitleFeatureSteps.I_configure_the_title_component(TitleFeatureSteps.java:75)
	at sun.reflect.NativeMethodAccessorImpl.invoke0(Native Method)
	at sun.reflect.NativeMethodAccessorImpl.invoke(NativeMethodAccessorImpl.java:62)
	at sun.reflect.DelegatingMethodAccessorImpl.invoke(DelegatingMethodAccessorImpl.java:43)
	at java.lang.reflect.Method.invoke(Method.java:498)
	at cucumber.runtime.Utils$1.call(Utils.java:26)
	at cucumber.runtime.Timeout.timeout(Timeout.java:16)
	at cucumber.runtime.Utils.invoke(Utils.java:20)
	at cucumber.runtime.java.JavaStepDefinition.execute(JavaStepDefinition.java:57)
	at cucumber.runner.PickleStepDefinitionMatch.runStep(PickleStepDefinitionMatch.java:50)
	at cucumber.runner.TestStep.executeStep(TestStep.java:65)
	at cucumber.runner.TestStep.run(TestStep.java:50)
	at cucumber.runner.PickleStepTestStep.run(PickleStepTestStep.java:43)
	at cucumber.runner.TestCase.run(TestCase.java:46)
	at cucumber.runner.Runner.runPickle(Runner.java:50)
	at cucumber.runtime.Runtime$1.run(Runtime.java:104)
	at java.util.concurrent.Executors$RunnableAdapter.call(Executors.java:511)
	at java.util.concurrent.FutureTask.run(FutureTask.java:266)
	at cucumber.runtime.Runtime$SameThreadExecutorService.execute(Runtime.java:258)
	at java.util.concurrent.AbstractExecutorService.submit(AbstractExecutorService.java:112)
	at cucumber.runtime.Runtime.run(Runtime.java:101)
	at io.cucumber.core.cli.Main.run(Main.java:43)
	at cucumber.api.cli.Main.run(Main.java:28)
	at cucumber.api.cli.Main.main(Main.java:15)
